app/build/outputs/logs/manifest-merger-debug-report.txt
-- Merging decision tree log ---
manifest
ADDED from src\main\AndroidManifest.xml:2:1-81:12
INJECTED from src\main\AndroidManifest.xml:2:1-81:12
INJECTED from src\main\AndroidManifest.xml:2:1-81:12
INJECTED from src\main\AndroidManifest.xml:2:1-81:12
MERGED from [com.android.support:design:27.1.1] AndroidManifest.xml:17:1-22:12
MERGED from [com.android.support:preference-v7:27.1.1] AndroidManifest.xml:17:1-22:12
MERGED from [petrov.kristiyan:colorpicker-library:1.1.8] AndroidManifest.xml:2:1-12:12
MERGED from [org.xdty.preference:color-picker:0.0.5] AndroidManifest.xml:2:1-16:12
MERGED from [com.android.support:appcompat-v7:27.1.1] AndroidManifest.xml:17:1-22:12
MERGED from [com.android.support:support-v4:27.1.1] AndroidManifest.xml:17:1-22:12
MERGED from [com.android.support.constraint:constraint-layout:1.1.3] AndroidManifest.xml:2:1-11:12
MERGED from [com.android.support:customtabs:27.1.1] AndroidManifest.xml:17:1-22:12
MERGED from [com.android.support:cardview-v7:27.1.1] AndroidManifest.xml:17:1-22:12
MERGED from [com.android.support:support-fragment:27.1.1] AndroidManifest.xml:17:1-22:12
MERGED from [com.android.support:animated-vector-drawable:27.1.1] AndroidManifest.xml:17:1-22:12
MERGED from [com.android.support:recyclerview-v7:27.1.1] AndroidManifest.xml:17:1-22:12
MERGED from [com.android.support:support-core-ui:27.1.1] AndroidManifest.xml:17:1-22:12
MERGED from [com.android.support:support-core-utils:27.1.1] AndroidManifest.xml:17:1-22:12
MERGED from [com.android.support:support-media-compat:27.1.1] AndroidManifest.xml:17:1-22:12
MERGED from [com.android.support:transition:27.1.1] AndroidManifest.xml:17:1-22:12
MERGED from [com.android.support:support-vector-drawable:27.1.1] AndroidManifest.xml:17:1-22:12
MERGED from [com.android.support:support-compat:27.1.1] AndroidManifest.xml:17:1-22:12
MERGED from [android.arch.lifecycle:livedata-core:1.1.0] AndroidManifest.xml:17:1-22:12
MERGED from [android.arch.lifecycle:viewmodel:1.1.0] AndroidManifest.xml:17:1-22:12
MERGED from [android.arch.lifecycle:runtime:1.1.0] AndroidManifest.xml:17:1-22:12
MERGED from [android.arch.core:runtime:1.1.0] AndroidManifest.xml:17:1-22:12
INJECTED from src\main\AndroidManifest.xml:2:1-81:12
INJECTED from src\main\AndroidManifest.xml:2:1-81:12
INJECTED from src\main\AndroidManifest.xml:2:1-81:12
	package
		ADDED from src\main\AndroidManifest.xml:3:5-33
		INJECTED from src\main\AndroidManifest.xml
		INJECTED from src\main\AndroidManifest.xml
	android:versionName
		INJECTED from src\main\AndroidManifest.xml
		ADDED from src\main\AndroidManifest.xml:2:1-81:12
		INJECTED from src\main\AndroidManifest.xml
	android:versionCode
		INJECTED from src\main\AndroidManifest.xml
		ADDED from src\main\AndroidManifest.xml:2:1-81:12
		INJECTED from src\main\AndroidManifest.xml
	xmlns:android
		ADDED from src\main\AndroidManifest.xml:2:11-69
uses-permission#android.permission.INTERNET
ADDED from src\main\AndroidManifest.xml:6:5-67
	android:name
		ADDED from src\main\AndroidManifest.xml:6:22-64
uses-permission#android.permission.RECEIVE_BOOT_COMPLETED
ADDED from src\main\AndroidManifest.xml:7:5-81
	android:name
		ADDED from src\main\AndroidManifest.xml:7:22-78
uses-permission#android.permission.VIBRATE
ADDED from src\main\AndroidManifest.xml:8:5-65
	android:name
		ADDED from src\main\AndroidManifest.xml:8:22-63
application
ADDED from src\main\AndroidManifest.xml:9:5-79:19
MERGED from [org.xdty.preference:color-picker:0.0.5] AndroidManifest.xml:11:5-14:19
MERGED from [org.xdty.preference:color-picker:0.0.5] AndroidManifest.xml:11:5-14:19
MERGED from [com.android.support.constraint:constraint-layout:1.1.3] AndroidManifest.xml:9:5-20
MERGED from [com.android.support.constraint:constraint-layout:1.1.3] AndroidManifest.xml:9:5-20
	android:supportsRtl
		ADDED from src\main\AndroidManifest.xml:14:9-35
	android:label
		ADDED from src\main\AndroidManifest.xml:12:9-41
	android:roundIcon
		ADDED from src\main\AndroidManifest.xml:13:9-48
	android:icon
		ADDED from src\main\AndroidManifest.xml:11:9-43
	android:allowBackup
		ADDED from src\main\AndroidManifest.xml:10:9-35
	android:theme
		ADDED from src\main\AndroidManifest.xml:15:9-40
activity#com.ulan.timetable.Activities.MainActivity
ADDED from src\main\AndroidManifest.xml:16:9-25:20
	android:label
		ADDED from src\main\AndroidManifest.xml:18:13-45
	android:theme
		ADDED from src\main\AndroidManifest.xml:19:13-56
	android:name
		ADDED from src\main\AndroidManifest.xml:17:13-52
intent-filter#action:name:android.intent.action.MAIN+category:name:android.intent.category.LAUNCHER
ADDED from src\main\AndroidManifest.xml:20:13-24:29
action#android.intent.action.MAIN
ADDED from src\main\AndroidManifest.xml:21:17-69
	android:name
		ADDED from src\main\AndroidManifest.xml:21:25-66
category#android.intent.category.LAUNCHER
ADDED from src\main\AndroidManifest.xml:23:17-77
	android:name
		ADDED from src\main\AndroidManifest.xml:23:27-74
meta-data#preloaded_fonts
ADDED from src\main\AndroidManifest.xml:27:9-29:57
	android:resource
		ADDED from src\main\AndroidManifest.xml:29:13-54
	android:name
		ADDED from src\main\AndroidManifest.xml:28:13-43
activity#com.ulan.timetable.Activities.HomeworksActivity
ADDED from src\main\AndroidManifest.xml:31:9-34:69
	android:parentActivityName
		ADDED from src\main\AndroidManifest.xml:34:13-66
	android:label
		ADDED from src\main\AndroidManifest.xml:33:13-46
	android:name
		ADDED from src\main\AndroidManifest.xml:32:13-57
meta-data#android.support.PARENT_ACTIVITY
ADDED from src\main\AndroidManifest.xml:36:9-38:61
	android:value
		ADDED from src\main\AndroidManifest.xml:38:13-58
	android:name
		ADDED from src\main\AndroidManifest.xml:37:13-59
activity#com.ulan.timetable.Activities.NotesActivity
ADDED from src\main\AndroidManifest.xml:40:9-43:69
	android:parentActivityName
		ADDED from src\main\AndroidManifest.xml:43:13-66
	android:label
		ADDED from src\main\AndroidManifest.xml:42:13-34
	android:name
		ADDED from src\main\AndroidManifest.xml:41:13-53
activity#com.ulan.timetable.Activities.NoteInfoActivity
ADDED from src\main\AndroidManifest.xml:44:9-47:70
	android:parentActivityName
		ADDED from src\main\AndroidManifest.xml:47:13-67
	android:label
		ADDED from src\main\AndroidManifest.xml:46:13-34
	android:name
		ADDED from src\main\AndroidManifest.xml:45:13-56
activity#com.ulan.timetable.Activities.TeachersActivity
ADDED from src\main\AndroidManifest.xml:48:9-51:69
	android:parentActivityName
		ADDED from src\main\AndroidManifest.xml:51:13-66
	android:label
		ADDED from src\main\AndroidManifest.xml:50:13-37
	android:name
		ADDED from src\main\AndroidManifest.xml:49:13-56
activity#com.ulan.timetable.Activities.SettingsActivity
ADDED from src\main\AndroidManifest.xml:52:9-59:20
	android:parentActivityName
		ADDED from src\main\AndroidManifest.xml:55:13-66
	android:label
		ADDED from src\main\AndroidManifest.xml:54:13-37
	android:name
		ADDED from src\main\AndroidManifest.xml:53:13-56
activity#com.ulan.timetable.Activities.ExamsActivity
ADDED from src\main\AndroidManifest.xml:60:9-63:69
	android:parentActivityName
		ADDED from src\main\AndroidManifest.xml:63:13-66
	android:label
		ADDED from src\main\AndroidManifest.xml:62:13-34
	android:name
		ADDED from src\main\AndroidManifest.xml:61:13-53
receiver#com.ulan.timetable.Utils.DailyReceiver
ADDED from src\main\AndroidManifest.xml:65:9-67:38
	android:enabled
		ADDED from src\main\AndroidManifest.xml:67:13-35
	android:name
		ADDED from src\main\AndroidManifest.xml:66:13-48
receiver#com.ulan.timetable.Utils.WakeUpAlarmReceiver
ADDED from src\main\AndroidManifest.xml:69:9-77:20
	android:enabled
		ADDED from src\main\AndroidManifest.xml:71:13-35
	android:name
		ADDED from src\main\AndroidManifest.xml:70:13-54
intent-filter#action:name:android.intent.action.BOOT_COMPLETED+action:name:android.intent.action.QUICKBOOT_POWERON+category:name:android.intent.category.DEFAULT
ADDED from src\main\AndroidManifest.xml:72:13-76:29
action#android.intent.action.BOOT_COMPLETED
ADDED from src\main\AndroidManifest.xml:73:17-79
	android:name
		ADDED from src\main\AndroidManifest.xml:73:25-76
category#android.intent.category.DEFAULT
ADDED from src\main\AndroidManifest.xml:74:17-76
	android:name
		ADDED from src\main\AndroidManifest.xml:74:27-73
action#android.intent.action.QUICKBOOT_POWERON
ADDED from src\main\AndroidManifest.xml:75:17-82
	android:name
		ADDED from src\main\AndroidManifest.xml:75:25-79
uses-sdk
INJECTED from src\main\AndroidManifest.xml reason: use-sdk injection requested
INJECTED from src\main\AndroidManifest.xml
INJECTED from src\main\AndroidManifest.xml
MERGED from [com.android.support:design:27.1.1] AndroidManifest.xml:20:5-44
MERGED from [com.android.support:design:27.1.1] AndroidManifest.xml:20:5-44
MERGED from [com.android.support:preference-v7:27.1.1] AndroidManifest.xml:20:5-44
MERGED from [com.android.support:preference-v7:27.1.1] AndroidManifest.xml:20:5-44
MERGED from [petrov.kristiyan:colorpicker-library:1.1.8] AndroidManifest.xml:8:5-10:41
MERGED from [petrov.kristiyan:colorpicker-library:1.1.8] AndroidManifest.xml:8:5-10:41
MERGED from [org.xdty.preference:color-picker:0.0.5] AndroidManifest.xml:7:5-9:41
MERGED from [org.xdty.preference:color-picker:0.0.5] AndroidManifest.xml:7:5-9:41
MERGED from [com.android.support:appcompat-v7:27.1.1] AndroidManifest.xml:20:5-44
MERGED from [com.android.support:appcompat-v7:27.1.1] AndroidManifest.xml:20:5-44
MERGED from [com.android.support:support-v4:27.1.1] AndroidManifest.xml:20:5-44
MERGED from [com.android.support:support-v4:27.1.1] AndroidManifest.xml:20:5-44
MERGED from [com.android.support.constraint:constraint-layout:1.1.3] AndroidManifest.xml:5:5-7:41
MERGED from [com.android.support.constraint:constraint-layout:1.1.3] AndroidManifest.xml:5:5-7:41
MERGED from [com.android.support:customtabs:27.1.1] AndroidManifest.xml:20:5-44
MERGED from [com.android.support:customtabs:27.1.1] AndroidManifest.xml:20:5-44
MERGED from [com.android.support:cardview-v7:27.1.1] AndroidManifest.xml:20:5-44
MERGED from [com.android.support:cardview-v7:27.1.1] AndroidManifest.xml:20:5-44
MERGED from [com.android.support:support-fragment:27.1.1] AndroidManifest.xml:20:5-44
MERGED from [com.android.support:support-fragment:27.1.1] AndroidManifest.xml:20:5-44
MERGED from [com.android.support:animated-vector-drawable:27.1.1] AndroidManifest.xml:20:5-44
MERGED from [com.android.support:animated-vector-drawable:27.1.1] AndroidManifest.xml:20:5-44
MERGED from [com.android.support:recyclerview-v7:27.1.1] AndroidManifest.xml:20:5-44
MERGED from [com.android.support:recyclerview-v7:27.1.1] AndroidManifest.xml:20:5-44
MERGED from [com.android.support:support-core-ui:27.1.1] AndroidManifest.xml:20:5-44
MERGED from [com.android.support:support-core-ui:27.1.1] AndroidManifest.xml:20:5-44
MERGED from [com.android.support:support-core-utils:27.1.1] AndroidManifest.xml:20:5-44
MERGED from [com.android.support:support-core-utils:27.1.1] AndroidManifest.xml:20:5-44
MERGED from [com.android.support:support-media-compat:27.1.1] AndroidManifest.xml:20:5-44
MERGED from [com.android.support:support-media-compat:27.1.1] AndroidManifest.xml:20:5-44
MERGED from [com.android.support:transition:27.1.1] AndroidManifest.xml:20:5-44
MERGED from [com.android.support:transition:27.1.1] AndroidManifest.xml:20:5-44
MERGED from [com.android.support:support-vector-drawable:27.1.1] AndroidManifest.xml:20:5-44
MERGED from [com.android.support:support-vector-drawable:27.1.1] AndroidManifest.xml:20:5-44
MERGED from [com.android.support:support-compat:27.1.1] AndroidManifest.xml:20:5-44
MERGED from [com.android.support:support-compat:27.1.1] AndroidManifest.xml:20:5-44
MERGED from [android.arch.lifecycle:livedata-core:1.1.0] AndroidManifest.xml:20:5-44
MERGED from [android.arch.lifecycle:livedata-core:1.1.0] AndroidManifest.xml:20:5-44
MERGED from [android.arch.lifecycle:viewmodel:1.1.0] AndroidManifest.xml:20:5-44
MERGED from [android.arch.lifecycle:viewmodel:1.1.0] AndroidManifest.xml:20:5-44
MERGED from [android.arch.lifecycle:runtime:1.1.0] AndroidManifest.xml:20:5-44
MERGED from [android.arch.lifecycle:runtime:1.1.0] AndroidManifest.xml:20:5-44
MERGED from [android.arch.core:runtime:1.1.0] AndroidManifest.xml:20:5-44
MERGED from [android.arch.core:runtime:1.1.0] AndroidManifest.xml:20:5-44
INJECTED from src\main\AndroidManifest.xml
INJECTED from src\main\AndroidManifest.xml
	android:targetSdkVersion
		INJECTED from src\main\AndroidManifest.xml
		ADDED from src\main\AndroidManifest.xml
		INJECTED from src\main\AndroidManifest.xml
	android:minSdkVersion
		INJECTED from src\main\AndroidManifest.xml
		ADDED from src\main\AndroidManifest.xml
		INJECTED from src\main\AndroidManifest.xml